{
  "numTotalTestSuites": 122,
  "numPassedTestSuites": 122,
  "numFailedTestSuites": 0,
  "numPendingTestSuites": 0,
  "numTotalTests": 264,
  "numPassedTests": 264,
  "numFailedTests": 0,
  "numPendingTests": 0,
  "numTodoTests": 0,
  "snapshot": {
    "added": 0,
    "failure": false,
    "filesAdded": 0,
    "filesRemoved": 0,
    "filesRemovedList": [],
    "filesUnmatched": 0,
    "filesUpdated": 0,
    "matched": 0,
    "total": 0,
    "unchecked": 0,
    "uncheckedKeysByFile": [],
    "unmatched": 0,
    "updated": 0,
    "didUpdate": false
  },
  "startTime": 1760964960109,
  "success": true,
  "testResults": [
    {
      "assertionResults": [
        {
          "ancestorTitles": ["sanitizeDatabaseName"],
          "fullName": "sanitizeDatabaseName normalizes valid names",
          "status": "passed",
          "title": "normalizes valid names",
          "duration": 0.9835439999999949,
          "failureMessages": [],
          "meta": {}
        },
        {
          "ancestorTitles": ["sanitizeDatabaseName"],
          "fullName": "sanitizeDatabaseName rejects invalid names",
          "status": "passed",
          "title": "rejects invalid names",
          "duration": 0.7011710000000448,
          "failureMessages": [],
          "meta": {}
        },
        {
          "ancestorTitles": ["deriveBaseNames"],
          "fullName": "deriveBaseNames collects unique base names",
          "status": "passed",
          "title": "collects unique base names",
          "duration": 0.6338440000000105,
          "failureMessages": [],
          "meta": {}
        },
        {
          "ancestorTitles": ["resolveBaseDatabaseName"],
          "fullName": "resolveBaseDatabaseName auto-approves when a single candidate exists",
          "status": "passed",
          "title": "auto-approves when a single candidate exists",
          "duration": 0.20349300000003723,
          "failureMessages": [],
          "meta": {}
        },
        {
          "ancestorTitles": ["resolveBaseDatabaseName"],
          "fullName": "resolveBaseDatabaseName prompts when necessary",
          "status": "passed",
          "title": "prompts when necessary",
          "duration": 0.13107699999994793,
          "failureMessages": [],
          "meta": {}
        },
        {
          "ancestorTitles": ["resolveBaseDatabaseName"],
          "fullName": "resolveBaseDatabaseName retries when input is empty",
          "status": "passed",
          "title": "retries when input is empty",
          "duration": 0.18269400000002634,
          "failureMessages": [],
          "meta": {}
        },
        {
          "ancestorTitles": ["resolveBaseDatabaseName"],
          "fullName": "resolveBaseDatabaseName retries when sanitization fails",
          "status": "passed",
          "title": "retries when sanitization fails",
          "duration": 0.1174609999999916,
          "failureMessages": [],
          "meta": {}
        },
        {
          "ancestorTitles": ["resolveBaseDatabaseName"],
          "fullName": "resolveBaseDatabaseName resolves candidate by number",
          "status": "passed",
          "title": "resolves candidate by number",
          "duration": 0.13622699999996257,
          "failureMessages": [],
          "meta": {}
        },
        {
          "ancestorTitles": ["resolveBaseDatabaseName"],
          "fullName": "resolveBaseDatabaseName uses initialName when provided",
          "status": "passed",
          "title": "uses initialName when provided",
          "duration": 0.07232599999997547,
          "failureMessages": [],
          "meta": {}
        }
      ],
      "startTime": 1760964960494,
      "endTime": 1760964960497.1826,
      "status": "passed",
      "message": "",
      "name": "/home/sware/Projects/github.com/kotsutsumi/vercel-test/scripts/tests/unit/db-cloud/base-name.test.ts"
    },
    {
      "assertionResults": [
        {
          "ancestorTitles": ["parseDbCloudArgs"],
          "fullName": "parseDbCloudArgs parses command and defaults",
          "status": "passed",
          "title": "parses command and defaults",
          "duration": 1.158853999999991,
          "failureMessages": [],
          "meta": {}
        },
        {
          "ancestorTitles": ["parseDbCloudArgs"],
          "fullName": "parseDbCloudArgs parses environment option",
          "status": "passed",
          "title": "parses environment option",
          "duration": 0.20842300000001046,
          "failureMessages": [],
          "meta": {}
        },
        {
          "ancestorTitles": ["parseDbCloudArgs"],
          "fullName": "parseDbCloudArgs throws when command is missing",
          "status": "passed",
          "title": "throws when command is missing",
          "duration": 0.45382500000002324,
          "failureMessages": [],
          "meta": {}
        },
        {
          "ancestorTitles": ["parseDbCloudArgs"],
          "fullName": "parseDbCloudArgs throws on unknown environment",
          "status": "passed",
          "title": "throws on unknown environment",
          "duration": 0.11294300000000135,
          "failureMessages": [],
          "meta": {}
        },
        {
          "ancestorTitles": ["parseDbCloudArgs"],
          "fullName": "parseDbCloudArgs parses seed command",
          "status": "passed",
          "title": "parses seed command",
          "duration": 0.12703000000001907,
          "failureMessages": [],
          "meta": {}
        },
        {
          "ancestorTitles": ["parseDbCloudArgs"],
          "fullName": "parseDbCloudArgs parses reset command",
          "status": "passed",
          "title": "parses reset command",
          "duration": 0.057659000000001015,
          "failureMessages": [],
          "meta": {}
        },
        {
          "ancestorTitles": ["parseDbCloudArgs"],
          "fullName": "parseDbCloudArgs throws on unknown command",
          "status": "passed",
          "title": "throws on unknown command",
          "duration": 0.09131199999998785,
          "failureMessages": [],
          "meta": {}
        }
      ],
      "startTime": 1760964960721,
      "endTime": 1760964960723.4539,
      "status": "passed",
      "message": "",
      "name": "/home/sware/Projects/github.com/kotsutsumi/vercel-test/scripts/tests/unit/db-cloud/cli-parser.test.ts"
    },
    {
      "assertionResults": [
        {
          "ancestorTitles": ["createDefaultRunnerDeps"],
          "fullName": "createDefaultRunnerDeps デフォルトの依存関係を作成すること",
          "status": "passed",
          "title": "デフォルトの依存関係を作成すること",
          "duration": 1.3646119999999655,
          "failureMessages": [],
          "meta": {}
        },
        {
          "ancestorTitles": ["createDefaultEnvDeps"],
          "fullName": "createDefaultEnvDeps 環境マネージャーの依存関係を作成すること",
          "status": "passed",
          "title": "環境マネージャーの依存関係を作成すること",
          "duration": 1.6133310000000165,
          "failureMessages": [],
          "meta": {}
        },
        {
          "ancestorTitles": ["promptWithReadline"],
          "fullName": "promptWithReadline readlineプロンプトを作成すること",
          "status": "passed",
          "title": "readlineプロンプトを作成すること",
          "duration": 0.17179399999997713,
          "failureMessages": [],
          "meta": {}
        }
      ],
      "startTime": 1760964960493,
      "endTime": 1760964960497.1719,
      "status": "passed",
      "message": "",
      "name": "/home/sware/Projects/github.com/kotsutsumi/vercel-test/scripts/tests/unit/db-cloud/dependencies.test.ts"
    },
    {
      "assertionResults": [
        {
          "ancestorTitles": ["applyEnvUpdates"],
          "fullName": "applyEnvUpdates updates existing keys and appends missing ones",
          "status": "passed",
          "title": "updates existing keys and appends missing ones",
          "duration": 1.175374999999974,
          "failureMessages": [],
          "meta": {}
        },
        {
          "ancestorTitles": ["applyEnvUpdates"],
          "fullName": "applyEnvUpdates skips lines without assignment pattern",
          "status": "passed",
          "title": "skips lines without assignment pattern",
          "duration": 0.28723099999996293,
          "failureMessages": [],
          "meta": {}
        },
        {
          "ancestorTitles": ["formatEnvValue"],
          "fullName": "formatEnvValue quotes complex values",
          "status": "passed",
          "title": "quotes complex values",
          "duration": 0.09783399999997755,
          "failureMessages": [],
          "meta": {}
        },
        {
          "ancestorTitles": ["parseEnvContent"],
          "fullName": "parseEnvContent parses simple env files",
          "status": "passed",
          "title": "parses simple env files",
          "duration": 0.25212499999997817,
          "failureMessages": [],
          "meta": {}
        },
        {
          "ancestorTitles": ["parseEnvContent"],
          "fullName": "parseEnvContent skips lines without key=value pattern",
          "status": "passed",
          "title": "skips lines without key=value pattern",
          "duration": 3.277046999999982,
          "failureMessages": [],
          "meta": {}
        },
        {
          "ancestorTitles": ["formatTokenPreview"],
          "fullName": "formatTokenPreview shows full token when short",
          "status": "passed",
          "title": "shows full token when short",
          "duration": 0.18213400000001911,
          "failureMessages": [],
          "meta": {}
        },
        {
          "ancestorTitles": ["formatTokenPreview"],
          "fullName": "formatTokenPreview truncates long tokens",
          "status": "passed",
          "title": "truncates long tokens",
          "duration": 0.11508699999995997,
          "failureMessages": [],
          "meta": {}
        },
        {
          "ancestorTitles": ["stripQuotes"],
          "fullName": "stripQuotes removes double quotes",
          "status": "passed",
          "title": "removes double quotes",
          "duration": 0.05711800000000267,
          "failureMessages": [],
          "meta": {}
        },
        {
          "ancestorTitles": ["stripQuotes"],
          "fullName": "stripQuotes removes single quotes",
          "status": "passed",
          "title": "removes single quotes",
          "duration": 0.0413780000000088,
          "failureMessages": [],
          "meta": {}
        },
        {
          "ancestorTitles": ["stripQuotes"],
          "fullName": "stripQuotes preserves values without quotes",
          "status": "passed",
          "title": "preserves values without quotes",
          "duration": 0.05766899999997577,
          "failureMessages": [],
          "meta": {}
        },
        {
          "ancestorTitles": ["inferDatabaseNameFromUrl"],
          "fullName": "inferDatabaseNameFromUrl extracts name from turso URL",
          "status": "passed",
          "title": "extracts name from turso URL",
          "duration": 0.12797100000000228,
          "failureMessages": [],
          "meta": {}
        },
        {
          "ancestorTitles": ["inferDatabaseNameFromUrl"],
          "fullName": "inferDatabaseNameFromUrl returns undefined for invalid URLs",
          "status": "passed",
          "title": "returns undefined for invalid URLs",
          "duration": 0.12347299999998995,
          "failureMessages": [],
          "meta": {}
        },
        {
          "ancestorTitles": ["inferDatabaseNameFromUrl"],
          "fullName": "inferDatabaseNameFromUrl extracts hostname prefix from any URL",
          "status": "passed",
          "title": "extracts hostname prefix from any URL",
          "duration": 0.15811899999999923,
          "failureMessages": [],
          "meta": {}
        },
        {
          "ancestorTitles": ["inferDatabaseNameFromUrl"],
          "fullName": "inferDatabaseNameFromUrl returns undefined when hostname is empty",
          "status": "passed",
          "title": "returns undefined when hostname is empty",
          "duration": 0.0618270000000507,
          "failureMessages": [],
          "meta": {}
        },
        {
          "ancestorTitles": ["createEnvManagerDeps"],
          "fullName": "createEnvManagerDeps creates dependencies object",
          "status": "passed",
          "title": "creates dependencies object",
          "duration": 1.1347680000000082,
          "failureMessages": [],
          "meta": {}
        },
        {
          "ancestorTitles": ["saveCredentialsToEnv"],
          "fullName": "saveCredentialsToEnv writes credentials to env file",
          "status": "passed",
          "title": "writes credentials to env file",
          "duration": 1.6149639999999863,
          "failureMessages": [],
          "meta": {}
        },
        {
          "ancestorTitles": ["saveCredentialsToEnv"],
          "fullName": "saveCredentialsToEnv creates directory if it doesn't exist",
          "status": "passed",
          "title": "creates directory if it doesn't exist",
          "duration": 0.9768919999999639,
          "failureMessages": [],
          "meta": {}
        },
        {
          "ancestorTitles": ["saveCredentialsToEnv"],
          "fullName": "saveCredentialsToEnv handles ENOENT error when reading file",
          "status": "passed",
          "title": "handles ENOENT error when reading file",
          "duration": 0.3141120000000228,
          "failureMessages": [],
          "meta": {}
        },
        {
          "ancestorTitles": ["saveCredentialsToEnv"],
          "fullName": "saveCredentialsToEnv rethrows non-ENOENT errors when reading file",
          "status": "passed",
          "title": "rethrows non-ENOENT errors when reading file",
          "duration": 1.1392469999999548,
          "failureMessages": [],
          "meta": {}
        }
      ],
      "startTime": 1760964960477,
      "endTime": 1760964960488.1392,
      "status": "passed",
      "message": "",
      "name": "/home/sware/Projects/github.com/kotsutsumi/vercel-test/scripts/tests/unit/db-cloud/env-manager.test.ts"
    },
    {
      "assertionResults": [
        {
          "ancestorTitles": ["createConsoleLogger"],
          "fullName": "createConsoleLogger infoメソッドがconsole.logを呼び出すこと",
          "status": "passed",
          "title": "infoメソッドがconsole.logを呼び出すこと",
          "duration": 2.01942600000001,
          "failureMessages": [],
          "meta": {}
        },
        {
          "ancestorTitles": ["createConsoleLogger"],
          "fullName": "createConsoleLogger warnメソッドがconsole.warnを呼び出すこと",
          "status": "passed",
          "title": "warnメソッドがconsole.warnを呼び出すこと",
          "duration": 0.20860299999998233,
          "failureMessages": [],
          "meta": {}
        },
        {
          "ancestorTitles": ["createConsoleLogger"],
          "fullName": "createConsoleLogger errorメソッドがconsole.errorを呼び出すこと",
          "status": "passed",
          "title": "errorメソッドがconsole.errorを呼び出すこと",
          "duration": 0.11580799999995861,
          "failureMessages": [],
          "meta": {}
        }
      ],
      "startTime": 1760964960455,
      "endTime": 1760964960457.2085,
      "status": "passed",
      "message": "",
      "name": "/home/sware/Projects/github.com/kotsutsumi/vercel-test/scripts/tests/unit/db-cloud/logger.test.ts"
    },
    {
      "assertionResults": [
        {
          "ancestorTitles": ["generateFullSchemaSQL"],
          "fullName": "generateFullSchemaSQL Prismaコマンドを実行してSQLスキーマを生成すること",
          "status": "passed",
          "title": "Prismaコマンドを実行してSQLスキーマを生成すること",
          "duration": 2.714375999999959,
          "failureMessages": [],
          "meta": {}
        },
        {
          "ancestorTitles": ["generateFullSchemaSQL"],
          "fullName": "generateFullSchemaSQL 出力の前後の空白をトリムすること",
          "status": "passed",
          "title": "出力の前後の空白をトリムすること",
          "duration": 0.2551099999999451,
          "failureMessages": [],
          "meta": {}
        }
      ],
      "startTime": 1760964960477,
      "endTime": 1760964960480.2551,
      "status": "passed",
      "message": "",
      "name": "/home/sware/Projects/github.com/kotsutsumi/vercel-test/scripts/tests/unit/db-cloud/schema-generator.test.ts"
    },
    {
      "assertionResults": [
        {
          "ancestorTitles": ["parseTursoDbListPlain"],
          "fullName": "parseTursoDbListPlain extracts database names from plain text",
          "status": "passed",
          "title": "extracts database names from plain text",
          "duration": 1.224108000000001,
          "failureMessages": [],
          "meta": {}
        },
        {
          "ancestorTitles": ["parseTursoDbShowPlain"],
          "fullName": "parseTursoDbShowPlain parses key/value pairs",
          "status": "passed",
          "title": "parses key/value pairs",
          "duration": 0.38512600000001385,
          "failureMessages": [],
          "meta": {}
        },
        {
          "ancestorTitles": ["parseTursoDbShowPlain"],
          "fullName": "parseTursoDbShowPlain handles locations as comma-separated string",
          "status": "passed",
          "title": "handles locations as comma-separated string",
          "duration": 0.18757300000004307,
          "failureMessages": [],
          "meta": {}
        },
        {
          "ancestorTitles": ["parseTursoDbShowPlain"],
          "fullName": "parseTursoDbShowPlain throws error when URL is missing",
          "status": "passed",
          "title": "throws error when URL is missing",
          "duration": 0.49318999999997004,
          "failureMessages": [],
          "meta": {}
        },
        {
          "ancestorTitles": ["parseTursoDbShowPlain"],
          "fullName": "parseTursoDbShowPlain uses dbName as fallback when name is missing",
          "status": "passed",
          "title": "uses dbName as fallback when name is missing",
          "duration": 0.08596199999999499,
          "failureMessages": [],
          "meta": {}
        },
        {
          "ancestorTitles": ["parseTursoDbShowPlain"],
          "fullName": "parseTursoDbShowPlain handles hostname field",
          "status": "passed",
          "title": "handles hostname field",
          "duration": 0.04881199999999808,
          "failureMessages": [],
          "meta": {}
        },
        {
          "ancestorTitles": ["extractToken"],
          "fullName": "extractToken reads token from plain output",
          "status": "passed",
          "title": "reads token from plain output",
          "duration": 0.2992739999999685,
          "failureMessages": [],
          "meta": {}
        },
        {
          "ancestorTitles": ["extractToken"],
          "fullName": "extractToken reads token from JSON output with lowercase token field",
          "status": "passed",
          "title": "reads token from JSON output with lowercase token field",
          "duration": 0.06385000000000218,
          "failureMessages": [],
          "meta": {}
        },
        {
          "ancestorTitles": ["extractToken"],
          "fullName": "extractToken reads token from JSON output with uppercase Token field",
          "status": "passed",
          "title": "reads token from JSON output with uppercase Token field",
          "duration": 0.10380499999996573,
          "failureMessages": [],
          "meta": {}
        },
        {
          "ancestorTitles": ["extractToken"],
          "fullName": "extractToken reads token from JSON output with authentication_token field",
          "status": "passed",
          "title": "reads token from JSON output with authentication_token field",
          "duration": 0.0846700000000169,
          "failureMessages": [],
          "meta": {}
        },
        {
          "ancestorTitles": ["extractToken"],
          "fullName": "extractToken returns undefined for empty string",
          "status": "passed",
          "title": "returns undefined for empty string",
          "duration": 0.06619499999999334,
          "failureMessages": [],
          "meta": {}
        },
        {
          "ancestorTitles": ["extractToken"],
          "fullName": "extractToken extracts inline token",
          "status": "passed",
          "title": "extracts inline token",
          "duration": 0.13608700000003182,
          "failureMessages": [],
          "meta": {}
        },
        {
          "ancestorTitles": ["extractToken"],
          "fullName": "extractToken extracts direct token match",
          "status": "passed",
          "title": "extracts direct token match",
          "duration": 0.05161700000002156,
          "failureMessages": [],
          "meta": {}
        },
        {
          "ancestorTitles": ["extractToken"],
          "fullName": "extractToken extracts token from labeled line",
          "status": "passed",
          "title": "extracts token from labeled line",
          "duration": 0.046206999999981235,
          "failureMessages": [],
          "meta": {}
        },
        {
          "ancestorTitles": ["formatTokenPreview"],
          "fullName": "formatTokenPreview shortens long tokens",
          "status": "passed",
          "title": "shortens long tokens",
          "duration": 0.07969100000002527,
          "failureMessages": [],
          "meta": {}
        },
        {
          "ancestorTitles": ["formatTokenPreview"],
          "fullName": "formatTokenPreview keeps short tokens as is",
          "status": "passed",
          "title": "keeps short tokens as is",
          "duration": 0.03356300000001511,
          "failureMessages": [],
          "meta": {}
        },
        {
          "ancestorTitles": ["isJsonFlagUnsupported"],
          "fullName": "isJsonFlagUnsupported detects unsupported --json flag error",
          "status": "passed",
          "title": "detects unsupported --json flag error",
          "duration": 0.09772499999996853,
          "failureMessages": [],
          "meta": {}
        },
        {
          "ancestorTitles": ["isJsonFlagUnsupported"],
          "fullName": "isJsonFlagUnsupported returns false for other errors",
          "status": "passed",
          "title": "returns false for other errors",
          "duration": 0.24537300000002915,
          "failureMessages": [],
          "meta": {}
        },
        {
          "ancestorTitles": ["isJsonFlagUnsupported"],
          "fullName": "isJsonFlagUnsupported returns false for non-error objects",
          "status": "passed",
          "title": "returns false for non-error objects",
          "duration": 0.06918100000001459,
          "failureMessages": [],
          "meta": {}
        },
        {
          "ancestorTitles": ["collectExistingDatabases"],
          "fullName": "collectExistingDatabases collects database names from turso CLI",
          "status": "passed",
          "title": "collects database names from turso CLI",
          "duration": 1.1268039999999928,
          "failureMessages": [],
          "meta": {}
        },
        {
          "ancestorTitles": ["collectExistingDatabases"],
          "fullName": "collectExistingDatabases handles uppercase Databases field",
          "status": "passed",
          "title": "handles uppercase Databases field",
          "duration": 0.32836900000000924,
          "failureMessages": [],
          "meta": {}
        },
        {
          "ancestorTitles": ["collectExistingDatabases"],
          "fullName": "collectExistingDatabases throws error when JSON parsing fails",
          "status": "passed",
          "title": "throws error when JSON parsing fails",
          "duration": 0.6763339999999971,
          "failureMessages": [],
          "meta": {}
        },
        {
          "ancestorTitles": ["createTursoDatabase"],
          "fullName": "createTursoDatabase creates database with turso CLI and location",
          "status": "passed",
          "title": "creates database with turso CLI and location",
          "duration": 0.9813800000000015,
          "failureMessages": [],
          "meta": {}
        },
        {
          "ancestorTitles": ["createTursoDatabase"],
          "fullName": "createTursoDatabase creates database without location",
          "status": "passed",
          "title": "creates database without location",
          "duration": 0.3467330000000288,
          "failureMessages": [],
          "meta": {}
        },
        {
          "ancestorTitles": ["destroyTursoDatabase"],
          "fullName": "destroyTursoDatabase destroys database with turso CLI",
          "status": "passed",
          "title": "destroys database with turso CLI",
          "duration": 0.3233189999999695,
          "failureMessages": [],
          "meta": {}
        },
        {
          "ancestorTitles": ["executeSql"],
          "fullName": "executeSql executes SQL with turso CLI",
          "status": "passed",
          "title": "executes SQL with turso CLI",
          "duration": 6.614826999999991,
          "failureMessages": [],
          "meta": {}
        },
        {
          "ancestorTitles": ["getTursoDatabaseDetails"],
          "fullName": "getTursoDatabaseDetails gets database details from turso CLI with JSON output",
          "status": "passed",
          "title": "gets database details from turso CLI with JSON output",
          "duration": 0.36050900000003594,
          "failureMessages": [],
          "meta": {}
        },
        {
          "ancestorTitles": ["getTursoDatabaseDetails"],
          "fullName": "getTursoDatabaseDetails handles uppercase Database field",
          "status": "passed",
          "title": "handles uppercase Database field",
          "duration": 0.21528599999999187,
          "failureMessages": [],
          "meta": {}
        },
        {
          "ancestorTitles": ["getTursoDatabaseDetails"],
          "fullName": "getTursoDatabaseDetails falls back to plain text when --json is unsupported",
          "status": "passed",
          "title": "falls back to plain text when --json is unsupported",
          "duration": 0.2421359999999595,
          "failureMessages": [],
          "meta": {}
        },
        {
          "ancestorTitles": ["getTursoDatabaseDetails"],
          "fullName": "getTursoDatabaseDetails throws error when URL is missing",
          "status": "passed",
          "title": "throws error when URL is missing",
          "duration": 0.19217200000002777,
          "failureMessages": [],
          "meta": {}
        },
        {
          "ancestorTitles": ["getTursoDatabaseDetails"],
          "fullName": "getTursoDatabaseDetails rethrows non-json-flag errors",
          "status": "passed",
          "title": "rethrows non-json-flag errors",
          "duration": 0.17237499999998818,
          "failureMessages": [],
          "meta": {}
        },
        {
          "ancestorTitles": ["getTursoDatabaseDetails"],
          "fullName": "getTursoDatabaseDetails handles missing locations field",
          "status": "passed",
          "title": "handles missing locations field",
          "duration": 0.13322099999999182,
          "failureMessages": [],
          "meta": {}
        },
        {
          "ancestorTitles": ["getTursoDatabaseDetails"],
          "fullName": "getTursoDatabaseDetails handles empty locations array",
          "status": "passed",
          "title": "handles empty locations array",
          "duration": 0.10891500000002452,
          "failureMessages": [],
          "meta": {}
        },
        {
          "ancestorTitles": ["issueTursoToken"],
          "fullName": "issueTursoToken issues token from turso CLI with first variant",
          "status": "passed",
          "title": "issues token from turso CLI with first variant",
          "duration": 0.2527170000000183,
          "failureMessages": [],
          "meta": {}
        },
        {
          "ancestorTitles": ["issueTursoToken"],
          "fullName": "issueTursoToken falls back to second variant when first fails",
          "status": "passed",
          "title": "falls back to second variant when first fails",
          "duration": 0.1560739999999896,
          "failureMessages": [],
          "meta": {}
        },
        {
          "ancestorTitles": ["issueTursoToken"],
          "fullName": "issueTursoToken throws error when all variants fail",
          "status": "passed",
          "title": "throws error when all variants fail",
          "duration": 0.19308399999999892,
          "failureMessages": [],
          "meta": {}
        },
        {
          "ancestorTitles": ["issueTursoToken"],
          "fullName": "issueTursoToken throws error when no token is found in output",
          "status": "passed",
          "title": "throws error when no token is found in output",
          "duration": 0.1835959999999659,
          "failureMessages": [],
          "meta": {}
        }
      ],
      "startTime": 1760964960483,
      "endTime": 1760964960500.193,
      "status": "passed",
      "message": "",
      "name": "/home/sware/Projects/github.com/kotsutsumi/vercel-test/scripts/tests/unit/db-cloud/turso-client.test.ts"
    },
    {
      "assertionResults": [
        {
          "ancestorTitles": ["getTargetEnvFileName"],
          "fullName": "getTargetEnvFileName .example 拡張子を除去すること",
          "status": "passed",
          "title": ".example 拡張子を除去すること",
          "duration": 1.0885710000000017,
          "failureMessages": [],
          "meta": {}
        },
        {
          "ancestorTitles": ["getTargetEnvFileName"],
          "fullName": "getTargetEnvFileName .env.local.example から .env.local を生成すること",
          "status": "passed",
          "title": ".env.local.example から .env.local を生成すること",
          "duration": 0.1514049999999827,
          "failureMessages": [],
          "meta": {}
        },
        {
          "ancestorTitles": ["getTargetEnvFileName"],
          "fullName": "getTargetEnvFileName .env.preview.example から .env.preview を生成すること",
          "status": "passed",
          "title": ".env.preview.example から .env.preview を生成すること",
          "duration": 0.06696599999997943,
          "failureMessages": [],
          "meta": {}
        },
        {
          "ancestorTitles": ["getTargetEnvFileName"],
          "fullName": "getTargetEnvFileName .env.production.example から .env.production を生成すること",
          "status": "passed",
          "title": ".env.production.example から .env.production を生成すること",
          "duration": 0.05660699999998542,
          "failureMessages": [],
          "meta": {}
        },
        {
          "ancestorTitles": ["getTargetEnvFileName"],
          "fullName": "getTargetEnvFileName .env.staging.example から .env.staging を生成すること",
          "status": "passed",
          "title": ".env.staging.example から .env.staging を生成すること",
          "duration": 0.049102000000004864,
          "failureMessages": [],
          "meta": {}
        },
        {
          "ancestorTitles": ["getTargetEnvFileName"],
          "fullName": "getTargetEnvFileName .env.test.example から .env.test を生成すること",
          "status": "passed",
          "title": ".env.test.example から .env.test を生成すること",
          "duration": 0.0504449999999963,
          "failureMessages": [],
          "meta": {}
        },
        {
          "ancestorTitles": ["getTargetEnvFileName"],
          "fullName": "getTargetEnvFileName .example 拡張子がない場合はそのまま返すこと",
          "status": "passed",
          "title": ".example 拡張子がない場合はそのまま返すこと",
          "duration": 0.04755000000000109,
          "failureMessages": [],
          "meta": {}
        },
        {
          "ancestorTitles": ["getTargetEnvFileName"],
          "fullName": "getTargetEnvFileName 複数の .example が含まれる場合は最後の .example のみ除去すること",
          "status": "passed",
          "title": "複数の .example が含まれる場合は最後の .example のみ除去すること",
          "duration": 0.048801999999994905,
          "failureMessages": [],
          "meta": {}
        }
      ],
      "startTime": 1760964960717,
      "endTime": 1760964960719.1514,
      "status": "passed",
      "message": "",
      "name": "/home/sware/Projects/github.com/kotsutsumi/vercel-test/scripts/tests/unit/env-init/file-name-utils.test.ts"
    },
    {
      "assertionResults": [
        {
          "ancestorTitles": ["env-init entry point"],
          "fullName": "env-init entry point main関数が initAllEnvFiles と printResult を呼び出すこと",
          "status": "passed",
          "title": "main関数が initAllEnvFiles と printResult を呼び出すこと",
          "duration": 2.616552000000013,
          "failureMessages": [],
          "meta": {}
        },
        {
          "ancestorTitles": ["env-init entry point"],
          "fullName": "env-init entry point main関数がエラーを伝播すること",
          "status": "passed",
          "title": "main関数がエラーを伝播すること",
          "duration": 1.1145099999999957,
          "failureMessages": [],
          "meta": {}
        },
        {
          "ancestorTitles": ["env-init entry point"],
          "fullName": "env-init entry point main関数が Error 以外の値もスローできること",
          "status": "passed",
          "title": "main関数が Error 以外の値もスローできること",
          "duration": 0.272544000000039,
          "failureMessages": [],
          "meta": {}
        },
        {
          "ancestorTitles": ["env-init entry point"],
          "fullName": "env-init entry point エクスポートが正しく公開されていること",
          "status": "passed",
          "title": "エクスポートが正しく公開されていること",
          "duration": 0.15410100000002558,
          "failureMessages": [],
          "meta": {}
        }
      ],
      "startTime": 1760964960482,
      "endTime": 1760964960486.2725,
      "status": "passed",
      "message": "",
      "name": "/home/sware/Projects/github.com/kotsutsumi/vercel-test/scripts/tests/unit/env-init/index.test.ts"
    },
    {
      "assertionResults": [
        {
          "ancestorTitles": ["initAllEnvFiles"],
          "fullName": "initAllEnvFiles 複数のアプリの .env.*.example ファイルを処理すること",
          "status": "passed",
          "title": "複数のアプリの .env.*.example ファイルを処理すること",
          "duration": 7.879751999999996,
          "failureMessages": [],
          "meta": {}
        },
        {
          "ancestorTitles": ["initAllEnvFiles"],
          "fullName": "initAllEnvFiles 既存ファイルは上書きせずスキップすること",
          "status": "passed",
          "title": "既存ファイルは上書きせずスキップすること",
          "duration": 1.7139300000000048,
          "failureMessages": [],
          "meta": {}
        },
        {
          "ancestorTitles": ["initAllEnvFiles"],
          "fullName": "initAllEnvFiles .env.*.example がないアプリはスキップすること",
          "status": "passed",
          "title": ".env.*.example がないアプリはスキップすること",
          "duration": 0.48384199999998145,
          "failureMessages": [],
          "meta": {}
        },
        {
          "ancestorTitles": ["initAllEnvFiles"],
          "fullName": "initAllEnvFiles ファイルのみは処理せずディレクトリのみ処理すること",
          "status": "passed",
          "title": "ファイルのみは処理せずディレクトリのみ処理すること",
          "duration": 0.6364000000000374,
          "failureMessages": [],
          "meta": {}
        },
        {
          "ancestorTitles": ["initAllEnvFiles"],
          "fullName": "initAllEnvFiles apps ディレクトリが存在しない場合はエラーをスローすること",
          "status": "passed",
          "title": "apps ディレクトリが存在しない場合はエラーをスローすること",
          "duration": 0.8873229999999808,
          "failureMessages": [],
          "meta": {}
        },
        {
          "ancestorTitles": ["initAllEnvFiles"],
          "fullName": "initAllEnvFiles 空の apps ディレクトリの場合は空の結果を返すこと",
          "status": "passed",
          "title": "空の apps ディレクトリの場合は空の結果を返すこと",
          "duration": 0.2485590000000002,
          "failureMessages": [],
          "meta": {}
        },
        {
          "ancestorTitles": ["initAllEnvFiles"],
          "fullName": "initAllEnvFiles 複数のアプリの結果を集約すること",
          "status": "passed",
          "title": "複数のアプリの結果を集約すること",
          "duration": 1.3135560000000055,
          "failureMessages": [],
          "meta": {}
        }
      ],
      "startTime": 1760964960489,
      "endTime": 1760964960501.3135,
      "status": "passed",
      "message": "",
      "name": "/home/sware/Projects/github.com/kotsutsumi/vercel-test/scripts/tests/unit/env-init/init-all-env.test.ts"
    },
    {
      "assertionResults": [
        {
          "ancestorTitles": ["initEnvFilesForApp"],
          "fullName": "initEnvFilesForApp .env.*.example ファイルを .env.* にコピーすること",
          "status": "passed",
          "title": ".env.*.example ファイルを .env.* にコピーすること",
          "duration": 7.288477,
          "failureMessages": [],
          "meta": {}
        },
        {
          "ancestorTitles": ["initEnvFilesForApp"],
          "fullName": "initEnvFilesForApp 既存の .env.* ファイルは上書きせずスキップすること",
          "status": "passed",
          "title": "既存の .env.* ファイルは上書きせずスキップすること",
          "duration": 0.7559750000000349,
          "failureMessages": [],
          "meta": {}
        },
        {
          "ancestorTitles": ["initEnvFilesForApp"],
          "fullName": "initEnvFilesForApp .env.*.example パターンにマッチするファイルのみ処理すること",
          "status": "passed",
          "title": ".env.*.example パターンにマッチするファイルのみ処理すること",
          "duration": 0.6735590000000116,
          "failureMessages": [],
          "meta": {}
        },
        {
          "ancestorTitles": ["initEnvFilesForApp"],
          "fullName": "initEnvFilesForApp 複数の .env.*.example ファイルを処理すること",
          "status": "passed",
          "title": "複数の .env.*.example ファイルを処理すること",
          "duration": 1.2780389999999784,
          "failureMessages": [],
          "meta": {}
        },
        {
          "ancestorTitles": ["initEnvFilesForApp"],
          "fullName": "initEnvFilesForApp アプリディレクトリが存在しない場合はエラーをスローしないこと",
          "status": "passed",
          "title": "アプリディレクトリが存在しない場合はエラーをスローしないこと",
          "duration": 0.2960579999999595,
          "failureMessages": [],
          "meta": {}
        },
        {
          "ancestorTitles": ["initEnvFilesForApp"],
          "fullName": "initEnvFilesForApp .env.*.example ファイルが存在しない場合は空の結果を返すこと",
          "status": "passed",
          "title": ".env.*.example ファイルが存在しない場合は空の結果を返すこと",
          "duration": 0.31968200000000024,
          "failureMessages": [],
          "meta": {}
        },
        {
          "ancestorTitles": ["initEnvFilesForApp"],
          "fullName": "initEnvFilesForApp サブディレクトリは処理しないこと",
          "status": "passed",
          "title": "サブディレクトリは処理しないこと",
          "duration": 0.48144700000000284,
          "failureMessages": [],
          "meta": {}
        }
      ],
      "startTime": 1760964960477,
      "endTime": 1760964960488.4814,
      "status": "passed",
      "message": "",
      "name": "/home/sware/Projects/github.com/kotsutsumi/vercel-test/scripts/tests/unit/env-init/init-app-env.test.ts"
    },
    {
      "assertionResults": [
        {
          "ancestorTitles": ["printResult"],
          "fullName": "printResult 作成されたファイルを表示すること",
          "status": "passed",
          "title": "作成されたファイルを表示すること",
          "duration": 2.3611210000000256,
          "failureMessages": [],
          "meta": {}
        },
        {
          "ancestorTitles": ["printResult"],
          "fullName": "printResult スキップされたファイルを表示すること",
          "status": "passed",
          "title": "スキップされたファイルを表示すること",
          "duration": 0.22401199999995924,
          "failureMessages": [],
          "meta": {}
        },
        {
          "ancestorTitles": ["printResult"],
          "fullName": "printResult 作成とスキップの両方を表示すること",
          "status": "passed",
          "title": "作成とスキップの両方を表示すること",
          "duration": 0.3567120000000159,
          "failureMessages": [],
          "meta": {}
        },
        {
          "ancestorTitles": ["printResult"],
          "fullName": "printResult ファイルが見つからない場合はメッセージを表示すること",
          "status": "passed",
          "title": "ファイルが見つからない場合はメッセージを表示すること",
          "duration": 0.18525899999997364,
          "failureMessages": [],
          "meta": {}
        },
        {
          "ancestorTitles": ["printResult"],
          "fullName": "printResult 作成されたファイルのサマリーを表示すること",
          "status": "passed",
          "title": "作成されたファイルのサマリーを表示すること",
          "duration": 0.10834399999998823,
          "failureMessages": [],
          "meta": {}
        },
        {
          "ancestorTitles": ["printResult"],
          "fullName": "printResult スキップされたファイルのサマリーを表示すること",
          "status": "passed",
          "title": "スキップされたファイルのサマリーを表示すること",
          "duration": 0.07760600000000295,
          "failureMessages": [],
          "meta": {}
        },
        {
          "ancestorTitles": ["printResult"],
          "fullName": "printResult 作成とスキップの両方のサマリーを表示すること",
          "status": "passed",
          "title": "作成とスキップの両方のサマリーを表示すること",
          "duration": 0.07883900000001631,
          "failureMessages": [],
          "meta": {}
        },
        {
          "ancestorTitles": ["printResult"],
          "fullName": "printResult 単数形のメッセージを表示すること",
          "status": "passed",
          "title": "単数形のメッセージを表示すること",
          "duration": 0.07770699999997532,
          "failureMessages": [],
          "meta": {}
        },
        {
          "ancestorTitles": ["printResult"],
          "fullName": "printResult 空行を含めること",
          "status": "passed",
          "title": "空行を含めること",
          "duration": 0.16792600000002267,
          "failureMessages": [],
          "meta": {}
        }
      ],
      "startTime": 1760964960455,
      "endTime": 1760964960459.168,
      "status": "passed",
      "message": "",
      "name": "/home/sware/Projects/github.com/kotsutsumi/vercel-test/scripts/tests/unit/env-init/print-result.test.ts"
    },
    {
      "assertionResults": [
        {
          "ancestorTitles": ["parseEnvPullArgs"],
          "fullName": "parseEnvPullArgs returns defaults when no arguments are provided",
          "status": "passed",
          "title": "returns defaults when no arguments are provided",
          "duration": 1.1039309999999887,
          "failureMessages": [],
          "meta": {}
        },
        {
          "ancestorTitles": ["parseEnvPullArgs"],
          "fullName": "parseEnvPullArgs resolves project root from --project-root flag",
          "status": "passed",
          "title": "resolves project root from --project-root flag",
          "duration": 0.09095100000001821,
          "failureMessages": [],
          "meta": {}
        },
        {
          "ancestorTitles": ["parseEnvPullArgs"],
          "fullName": "parseEnvPullArgs resolves project root from --project-root= flag",
          "status": "passed",
          "title": "resolves project root from --project-root= flag",
          "duration": 0.07726600000000872,
          "failureMessages": [],
          "meta": {}
        },
        {
          "ancestorTitles": ["parseEnvPullArgs"],
          "fullName": "parseEnvPullArgs defaults to cwd when default project subdir does not exist",
          "status": "passed",
          "title": "defaults to cwd when default project subdir does not exist",
          "duration": 0.08143300000000409,
          "failureMessages": [],
          "meta": {}
        },
        {
          "ancestorTitles": ["parseEnvPullArgs"],
          "fullName": "parseEnvPullArgs parses app filters with --apps",
          "status": "passed",
          "title": "parses app filters with --apps",
          "duration": 0.5918849999999907,
          "failureMessages": [],
          "meta": {}
        },
        {
          "ancestorTitles": ["parseEnvPullArgs"],
          "fullName": "parseEnvPullArgs parses app filters with --apps= syntax",
          "status": "passed",
          "title": "parses app filters with --apps= syntax",
          "duration": 0.11597899999998162,
          "failureMessages": [],
          "meta": {}
        },
        {
          "ancestorTitles": ["parseEnvPullArgs"],
          "fullName": "parseEnvPullArgs normalises full app list back to undefined",
          "status": "passed",
          "title": "normalises full app list back to undefined",
          "duration": 0.0584999999999809,
          "failureMessages": [],
          "meta": {}
        },
        {
          "ancestorTitles": ["parseEnvPullArgs"],
          "fullName": "parseEnvPullArgs throws for unknown app names",
          "status": "passed",
          "title": "throws for unknown app names",
          "duration": 1.2923959999999965,
          "failureMessages": [],
          "meta": {}
        },
        {
          "ancestorTitles": ["parseEnvPullArgs"],
          "fullName": "parseEnvPullArgs parses target selection via --target",
          "status": "passed",
          "title": "parses target selection via --target",
          "duration": 0.1180219999999963,
          "failureMessages": [],
          "meta": {}
        },
        {
          "ancestorTitles": ["parseEnvPullArgs"],
          "fullName": "parseEnvPullArgs parses target selection via --target= syntax",
          "status": "passed",
          "title": "parses target selection via --target= syntax",
          "duration": 0.05724800000001551,
          "failureMessages": [],
          "meta": {}
        },
        {
          "ancestorTitles": ["parseEnvPullArgs"],
          "fullName": "parseEnvPullArgs throws for invalid target selection",
          "status": "passed",
          "title": "throws for invalid target selection",
          "duration": 0.1567349999999692,
          "failureMessages": [],
          "meta": {}
        },
        {
          "ancestorTitles": ["parseEnvPullArgs"],
          "fullName": "parseEnvPullArgs throws when --help is provided",
          "status": "passed",
          "title": "throws when --help is provided",
          "duration": 0.1173509999999851,
          "failureMessages": [],
          "meta": {}
        },
        {
          "ancestorTitles": ["parseEnvPullArgs"],
          "fullName": "parseEnvPullArgs throws on unknown options",
          "status": "passed",
          "title": "throws on unknown options",
          "duration": 0.15154599999999618,
          "failureMessages": [],
          "meta": {}
        }
      ],
      "startTime": 1760964960497,
      "endTime": 1760964960501.1567,
      "status": "passed",
      "message": "",
      "name": "/home/sware/Projects/github.com/kotsutsumi/vercel-test/scripts/tests/unit/env-pull/parse-args.test.ts"
    },
    {
      "assertionResults": [
        {
          "ancestorTitles": ["pullTarget"],
          "fullName": "pullTarget writes pulled environment variables to the target file",
          "status": "passed",
          "title": "writes pulled environment variables to the target file",
          "duration": 13.60502200000002,
          "failureMessages": [],
          "meta": {}
        },
        {
          "ancestorTitles": ["pullTarget"],
          "fullName": "pullTarget includes git branch when pulling staging environment",
          "status": "passed",
          "title": "includes git branch when pulling staging environment",
          "duration": 1.4766930000000116,
          "failureMessages": [],
          "meta": {}
        },
        {
          "ancestorTitles": ["pullTarget"],
          "fullName": "pullTarget falls back to NEXT_PUBLIC_APP_URL when BETTER_AUTH_URL is missing for backend",
          "status": "passed",
          "title": "falls back to NEXT_PUBLIC_APP_URL when BETTER_AUTH_URL is missing for backend",
          "duration": 1.37322800000004,
          "failureMessages": [],
          "meta": {}
        },
        {
          "ancestorTitles": ["pullTarget"],
          "fullName": "pullTarget throws when NEXT_PUBLIC_APP_URL is missing",
          "status": "passed",
          "title": "throws when NEXT_PUBLIC_APP_URL is missing",
          "duration": 2.085290000000043,
          "failureMessages": [],
          "meta": {}
        },
        {
          "ancestorTitles": ["pullTarget"],
          "fullName": "pullTarget throws when NEXT_PUBLIC_APP_URL is empty",
          "status": "passed",
          "title": "throws when NEXT_PUBLIC_APP_URL is empty",
          "duration": 2.518987999999979,
          "failureMessages": [],
          "meta": {}
        }
      ],
      "startTime": 1760964960489,
      "endTime": 1760964960510.519,
      "status": "passed",
      "message": "",
      "name": "/home/sware/Projects/github.com/kotsutsumi/vercel-test/scripts/tests/unit/env-pull/pull-target.test.ts"
    },
    {
      "assertionResults": [
        {
          "ancestorTitles": ["runEnvPull"],
          "fullName": "runEnvPull invokes pullTarget for every app and environment by default",
          "status": "passed",
          "title": "invokes pullTarget for every app and environment by default",
          "duration": 3.2228339999999776,
          "failureMessages": [],
          "meta": {}
        },
        {
          "ancestorTitles": ["runEnvPull"],
          "fullName": "runEnvPull filters apps when --apps option is provided",
          "status": "passed",
          "title": "filters apps when --apps option is provided",
          "duration": 0.6465789999999743,
          "failureMessages": [],
          "meta": {}
        },
        {
          "ancestorTitles": ["runEnvPull"],
          "fullName": "runEnvPull filters environments when target selection is provided",
          "status": "passed",
          "title": "filters environments when target selection is provided",
          "duration": 0.5246989999999983,
          "failureMessages": [],
          "meta": {}
        },
        {
          "ancestorTitles": ["runEnvPull"],
          "fullName": "runEnvPull throws when an app directory is missing",
          "status": "passed",
          "title": "throws when an app directory is missing",
          "duration": 1.178590999999983,
          "failureMessages": [],
          "meta": {}
        },
        {
          "ancestorTitles": ["runEnvPull"],
          "fullName": "runEnvPull throws for unknown target selection",
          "status": "passed",
          "title": "throws for unknown target selection",
          "duration": 1.164845000000014,
          "failureMessages": [],
          "meta": {}
        }
      ],
      "startTime": 1760964960497,
      "endTime": 1760964960503.1648,
      "status": "passed",
      "message": "",
      "name": "/home/sware/Projects/github.com/kotsutsumi/vercel-test/scripts/tests/unit/env-pull/run-env-pull.test.ts"
    },
    {
      "assertionResults": [
        {
          "ancestorTitles": ["serializeEnvMap"],
          "fullName": "serializeEnvMap serializes simple maps without quoting",
          "status": "passed",
          "title": "serializes simple maps without quoting",
          "duration": 5.046411000000035,
          "failureMessages": [],
          "meta": {}
        },
        {
          "ancestorTitles": ["serializeEnvMap"],
          "fullName": "serializeEnvMap quotes and escapes complex values",
          "status": "passed",
          "title": "quotes and escapes complex values",
          "duration": 0.6013829999999984,
          "failureMessages": [],
          "meta": {}
        }
      ],
      "startTime": 1760964960455,
      "endTime": 1760964960460.6013,
      "status": "passed",
      "message": "",
      "name": "/home/sware/Projects/github.com/kotsutsumi/vercel-test/scripts/tests/unit/env-pull/serialize-env-map.test.ts"
    },
    {
      "assertionResults": [
        {
          "ancestorTitles": ["ensurePrerequisites"],
          "fullName": "ensurePrerequisites すべての前提条件が満たされている場合にプロジェクト設定を返すこと",
          "status": "passed",
          "title": "すべての前提条件が満たされている場合にプロジェクト設定を返すこと",
          "duration": 2.4963050000000067,
          "failureMessages": [],
          "meta": {}
        },
        {
          "ancestorTitles": ["ensurePrerequisites"],
          "fullName": "ensurePrerequisites 環境変数が提供された場合に使用すること",
          "status": "passed",
          "title": "環境変数が提供された場合に使用すること",
          "duration": 0.3346609999999828,
          "failureMessages": [],
          "meta": {}
        },
        {
          "ancestorTitles": ["ensurePrerequisites"],
          "fullName": "ensurePrerequisites vercel --versionが失敗した場合にErrorインスタンスでエラーをスローすること",
          "status": "passed",
          "title": "vercel --versionが失敗した場合にErrorインスタンスでエラーをスローすること",
          "duration": 1.0055449999999837,
          "failureMessages": [],
          "meta": {}
        },
        {
          "ancestorTitles": ["ensurePrerequisites"],
          "fullName": "ensurePrerequisites vercel --versionが失敗した場合に文字列エラーをスローすること",
          "status": "passed",
          "title": "vercel --versionが失敗した場合に文字列エラーをスローすること",
          "duration": 0.34002100000003566,
          "failureMessages": [],
          "meta": {}
        },
        {
          "ancestorTitles": ["ensurePrerequisites"],
          "fullName": "ensurePrerequisites vercel --versionが失敗した場合に任意のエラー型を処理すること",
          "status": "passed",
          "title": "vercel --versionが失敗した場合に任意のエラー型を処理すること",
          "duration": 0.2983330000000137,
          "failureMessages": [],
          "meta": {}
        },
        {
          "ancestorTitles": ["ensurePrerequisites"],
          "fullName": "ensurePrerequisites vercel whoamiが失敗した場合に警告とエラーをスローすること",
          "status": "passed",
          "title": "vercel whoamiが失敗した場合に警告とエラーをスローすること",
          "duration": 0.4519820000000436,
          "failureMessages": [],
          "meta": {}
        }
      ],
      "startTime": 1760964960457,
      "endTime": 1760964960462.452,
      "status": "passed",
      "message": "",
      "name": "/home/sware/Projects/github.com/kotsutsumi/vercel-test/scripts/tests/unit/env-push/ensure-prerequisites.test.ts"
    },
    {
      "assertionResults": [
        {
          "ancestorTitles": ["parseEnvPushArgs"],
          "fullName": "parseEnvPushArgs picks the preview target and resolves apps/web when present",
          "status": "passed",
          "title": "picks the preview target and resolves apps/web when present",
          "duration": 1.5274589999999648,
          "failureMessages": [],
          "meta": {}
        },
        {
          "ancestorTitles": ["parseEnvPushArgs"],
          "fullName": "parseEnvPushArgs falls back to cwd when apps/web does not exist",
          "status": "passed",
          "title": "falls back to cwd when apps/web does not exist",
          "duration": 1.0306729999999789,
          "failureMessages": [],
          "meta": {}
        },
        {
          "ancestorTitles": ["parseEnvPushArgs"],
          "fullName": "parseEnvPushArgs accepts explicit project root via --project-root",
          "status": "passed",
          "title": "accepts explicit project root via --project-root",
          "duration": 0.21987500000000182,
          "failureMessages": [],
          "meta": {}
        },
        {
          "ancestorTitles": ["parseEnvPushArgs"],
          "fullName": "parseEnvPushArgs throws and prints usage when target is missing",
          "status": "passed",
          "title": "throws and prints usage when target is missing",
          "duration": 2.711670999999967,
          "failureMessages": [],
          "meta": {}
        },
        {
          "ancestorTitles": ["parseEnvPushArgs"],
          "fullName": "parseEnvPushArgs throws on unknown option",
          "status": "passed",
          "title": "throws on unknown option",
          "duration": 0.3441389999999842,
          "failureMessages": [],
          "meta": {}
        },
        {
          "ancestorTitles": ["parseEnvPushArgs"],
          "fullName": "parseEnvPushArgs throws when target is invalid",
          "status": "passed",
          "title": "throws when target is invalid",
          "duration": 0.2601600000000417,
          "failureMessages": [],
          "meta": {}
        },
        {
          "ancestorTitles": ["parseEnvPushArgs"],
          "fullName": "parseEnvPushArgs throws when --project-root value is missing",
          "status": "passed",
          "title": "throws when --project-root value is missing",
          "duration": 0.2573250000000371,
          "failureMessages": [],
          "meta": {}
        },
        {
          "ancestorTitles": ["parseEnvPushArgs"],
          "fullName": "parseEnvPushArgs accepts --project-root= format",
          "status": "passed",
          "title": "accepts --project-root= format",
          "duration": 0.24170499999996764,
          "failureMessages": [],
          "meta": {}
        }
      ],
      "startTime": 1760964960599,
      "endTime": 1760964960606.2573,
      "status": "passed",
      "message": "",
      "name": "/home/sware/Projects/github.com/kotsutsumi/vercel-test/scripts/tests/unit/env-push/parse-args.test.ts"
    },
    {
      "assertionResults": [
        {
          "ancestorTitles": ["pushTarget"],
          "fullName": "pushTarget 環境変数をpushすること",
          "status": "passed",
          "title": "環境変数をpushすること",
          "duration": 3.477204000000029,
          "failureMessages": [],
          "meta": {}
        },
        {
          "ancestorTitles": ["pushTarget"],
          "fullName": "pushTarget 空の環境変数ファイルの場合に警告を表示してスキップすること",
          "status": "passed",
          "title": "空の環境変数ファイルの場合に警告を表示してスキップすること",
          "duration": 0.4820890000000304,
          "failureMessages": [],
          "meta": {}
        },
        {
          "ancestorTitles": ["pushTarget"],
          "fullName": "pushTarget gitBranchがある場合にargsに追加すること",
          "status": "passed",
          "title": "gitBranchがある場合にargsに追加すること",
          "duration": 0.46846299999998564,
          "failureMessages": [],
          "meta": {}
        },
        {
          "ancestorTitles": ["pushTarget"],
          "fullName": "pushTarget projectConfigがnullの場合にVERCEL_*環境変数を設定しないこと",
          "status": "passed",
          "title": "projectConfigがnullの場合にVERCEL_*環境変数を設定しないこと",
          "duration": 0.4553589999999872,
          "failureMessages": [],
          "meta": {}
        },
        {
          "ancestorTitles": ["pushTarget"],
          "fullName": "pushTarget ファイルが存在しない場合にエラーをスローすること",
          "status": "passed",
          "title": "ファイルが存在しない場合にエラーをスローすること",
          "duration": 1.186977000000013,
          "failureMessages": [],
          "meta": {}
        },
        {
          "ancestorTitles": ["pushTarget"],
          "fullName": "pushTarget fileExistsが提供されない場合にデフォルト関数を使用すること",
          "status": "passed",
          "title": "fileExistsが提供されない場合にデフォルト関数を使用すること",
          "duration": 0.9214970000000449,
          "failureMessages": [],
          "meta": {}
        }
      ],
      "startTime": 1760964960476,
      "endTime": 1760964960482.9214,
      "status": "passed",
      "message": "",
      "name": "/home/sware/Projects/github.com/kotsutsumi/vercel-test/scripts/tests/unit/env-push/push-target.test.ts"
    },
    {
      "assertionResults": [
        {
          "ancestorTitles": ["readEnvMap"],
          "fullName": "readEnvMap parses key/value pairs while skipping comments",
          "status": "passed",
          "title": "parses key/value pairs while skipping comments",
          "duration": 2.6833479999999668,
          "failureMessages": [],
          "meta": {}
        },
        {
          "ancestorTitles": ["readEnvMap"],
          "fullName": "readEnvMap skips invalid lines with no key",
          "status": "passed",
          "title": "skips invalid lines with no key",
          "duration": 0.46354400000001306,
          "failureMessages": [],
          "meta": {}
        },
        {
          "ancestorTitles": ["normalizeValue"],
          "fullName": "normalizeValue returns raw value for unquoted strings",
          "status": "passed",
          "title": "returns raw value for unquoted strings",
          "duration": 0.21577700000000277,
          "failureMessages": [],
          "meta": {}
        },
        {
          "ancestorTitles": ["normalizeValue"],
          "fullName": "normalizeValue handles double quoted escapes",
          "status": "passed",
          "title": "handles double quoted escapes",
          "duration": 0.09120200000000978,
          "failureMessages": [],
          "meta": {}
        }
      ],
      "startTime": 1760964960599,
      "endTime": 1760964960603.2158,
      "status": "passed",
      "message": "",
      "name": "/home/sware/Projects/github.com/kotsutsumi/vercel-test/scripts/tests/unit/env-push/read-env-map.test.ts"
    },
    {
      "assertionResults": [
        {
          "ancestorTitles": ["resolveProjectConfig"],
          "fullName": "resolveProjectConfig reads .vercel/project.json when present",
          "status": "passed",
          "title": "reads .vercel/project.json when present",
          "duration": 2.678758999999957,
          "failureMessages": [],
          "meta": {}
        },
        {
          "ancestorTitles": ["resolveProjectConfig"],
          "fullName": "resolveProjectConfig falls back to repo.json and matches directory",
          "status": "passed",
          "title": "falls back to repo.json and matches directory",
          "duration": 1.1183679999999754,
          "failureMessages": [],
          "meta": {}
        },
        {
          "ancestorTitles": ["resolveProjectConfig"],
          "fullName": "resolveProjectConfig returns null when repo.json has no matching project",
          "status": "passed",
          "title": "returns null when repo.json has no matching project",
          "duration": 0.7304860000000417,
          "failureMessages": [],
          "meta": {}
        },
        {
          "ancestorTitles": ["resolveProjectConfig"],
          "fullName": "resolveProjectConfig returns null when repo.json is invalid JSON",
          "status": "passed",
          "title": "returns null when repo.json is invalid JSON",
          "duration": 1.7525229999999965,
          "failureMessages": [],
          "meta": {}
        },
        {
          "ancestorTitles": ["resolveProjectConfig"],
          "fullName": "resolveProjectConfig uses single project when at root directory",
          "status": "passed",
          "title": "uses single project when at root directory",
          "duration": 1.3967719999999986,
          "failureMessages": [],
          "meta": {}
        },
        {
          "ancestorTitles": ["resolveProjectConfig"],
          "fullName": "resolveProjectConfig returns null when repo.json has no projects array",
          "status": "passed",
          "title": "returns null when repo.json has no projects array",
          "duration": 0.628955000000019,
          "failureMessages": [],
          "meta": {}
        },
        {
          "ancestorTitles": ["resolveProjectConfig"],
          "fullName": "resolveProjectConfig returns null when project.json has incomplete data",
          "status": "passed",
          "title": "returns null when project.json has incomplete data",
          "duration": 0.6172240000000215,
          "failureMessages": [],
          "meta": {}
        },
        {
          "ancestorTitles": ["resolveProjectConfig"],
          "fullName": "resolveProjectConfig returns null when project.json is invalid JSON",
          "status": "passed",
          "title": "returns null when project.json is invalid JSON",
          "duration": 0.6434229999999843,
          "failureMessages": [],
          "meta": {}
        },
        {
          "ancestorTitles": ["resolveProjectConfig"],
          "fullName": "resolveProjectConfig handles projects with undefined directory in repo.json",
          "status": "passed",
          "title": "handles projects with undefined directory in repo.json",
          "duration": 0.7238250000000335,
          "failureMessages": [],
          "meta": {}
        }
      ],
      "startTime": 1760964960597,
      "endTime": 1760964960607.7239,
      "status": "passed",
      "message": "",
      "name": "/home/sware/Projects/github.com/kotsutsumi/vercel-test/scripts/tests/unit/env-push/resolve-project-config.test.ts"
    },
    {
      "assertionResults": [
        {
          "ancestorTitles": ["runCommand"],
          "fullName": "runCommand 成功時にコマンドを実行すること",
          "status": "passed",
          "title": "成功時にコマンドを実行すること",
          "duration": 2.725297000000012,
          "failureMessages": [],
          "meta": {}
        },
        {
          "ancestorTitles": ["runCommand"],
          "fullName": "runCommand 入力がある場合はstdinに書き込むこと",
          "status": "passed",
          "title": "入力がある場合はstdinに書き込むこと",
          "duration": 1.4296150000000125,
          "failureMessages": [],
          "meta": {}
        },
        {
          "ancestorTitles": ["runCommand"],
          "fullName": "runCommand コマンドが0以外のコードで終了した場合にエラーをスローすること",
          "status": "passed",
          "title": "コマンドが0以外のコードで終了した場合にエラーをスローすること",
          "duration": 1.8782600000000116,
          "failureMessages": [],
          "meta": {}
        },
        {
          "ancestorTitles": ["runCommand"],
          "fullName": "runCommand コマンドがnullコードで終了した場合にエラーをスローすること",
          "status": "passed",
          "title": "コマンドがnullコードで終了した場合にエラーをスローすること",
          "duration": 1.3640609999999924,
          "failureMessages": [],
          "meta": {}
        },
        {
          "ancestorTitles": ["runCommand"],
          "fullName": "runCommand スポーンエラーをキャッチすること",
          "status": "passed",
          "title": "スポーンエラーをキャッチすること",
          "duration": 1.3610349999999585,
          "failureMessages": [],
          "meta": {}
        }
      ],
      "startTime": 1760964960455,
      "endTime": 1760964960464.361,
      "status": "passed",
      "message": "",
      "name": "/home/sware/Projects/github.com/kotsutsumi/vercel-test/scripts/tests/unit/env-push/run-command.test.ts"
    },
    {
      "assertionResults": [
        {
          "ancestorTitles": ["runEnvPush"],
          "fullName": "runEnvPush runs vercel commands for each variable",
          "status": "passed",
          "title": "runs vercel commands for each variable",
          "duration": 11.798196000000019,
          "failureMessages": [],
          "meta": {}
        },
        {
          "ancestorTitles": ["runEnvPush"],
          "fullName": "runEnvPush processes all targets when selection is 'all'",
          "status": "passed",
          "title": "processes all targets when selection is 'all'",
          "duration": 8.375986999999952,
          "failureMessages": [],
          "meta": {}
        }
      ],
      "startTime": 1760964960599,
      "endTime": 1760964960619.376,
      "status": "passed",
      "message": "",
      "name": "/home/sware/Projects/github.com/kotsutsumi/vercel-test/scripts/tests/unit/env-push/run-env-push.test.ts"
    },
    {
      "assertionResults": [
        {
          "ancestorTitles": ["UT-SCRIPTS-08: assertCommandAvailable"],
          "fullName": "UT-SCRIPTS-08: assertCommandAvailable コマンドが存在する場合は静かに解決すること",
          "status": "passed",
          "title": "コマンドが存在する場合は静かに解決すること",
          "duration": 2.234051000000022,
          "failureMessages": [],
          "meta": {}
        },
        {
          "ancestorTitles": ["UT-SCRIPTS-08: assertCommandAvailable"],
          "fullName": "UT-SCRIPTS-08: assertCommandAvailable コマンドが見つからない場合はインストラクション付きでエラーをスローすること",
          "status": "passed",
          "title": "コマンドが見つからない場合はインストラクション付きでエラーをスローすること",
          "duration": 0.7758029999999962,
          "failureMessages": [],
          "meta": {}
        }
      ],
      "startTime": 1760964960487,
      "endTime": 1760964960489.776,
      "status": "passed",
      "message": "",
      "name": "/home/sware/Projects/github.com/kotsutsumi/vercel-test/scripts/tests/unit/env-tools/assert-command-available.test.ts"
    },
    {
      "assertionResults": [
        {
          "ancestorTitles": ["UT-SCRIPTS-05: collectEnvFiles"],
          "fullName": "UT-SCRIPTS-05: collectEnvFiles 存在するすべての環境変数ファイルを返すこと",
          "status": "passed",
          "title": "存在するすべての環境変数ファイルを返すこと",
          "duration": 1.7144710000000032,
          "failureMessages": [],
          "meta": {}
        },
        {
          "ancestorTitles": ["UT-SCRIPTS-05: collectEnvFiles"],
          "fullName": "UT-SCRIPTS-05: collectEnvFiles 環境変数ファイルが存在しない場合は空配列を返すこと",
          "status": "passed",
          "title": "環境変数ファイルが存在しない場合は空配列を返すこと",
          "duration": 0.21950300000003153,
          "failureMessages": [],
          "meta": {}
        },
        {
          "ancestorTitles": ["UT-SCRIPTS-05: collectEnvFiles"],
          "fullName": "UT-SCRIPTS-05: collectEnvFiles すべてのファイルが存在する場合はすべてを返すこと",
          "status": "passed",
          "title": "すべてのファイルが存在する場合はすべてを返すこと",
          "duration": 0.15594399999997677,
          "failureMessages": [],
          "meta": {}
        },
        {
          "ancestorTitles": ["UT-SCRIPTS-05: collectEnvFiles"],
          "fullName": "UT-SCRIPTS-05: collectEnvFiles 各ファイルを正しいパスでチェックすること",
          "status": "passed",
          "title": "各ファイルを正しいパスでチェックすること",
          "duration": 0.8839960000000247,
          "failureMessages": [],
          "meta": {}
        },
        {
          "ancestorTitles": ["UT-SCRIPTS-05: collectEnvFiles"],
          "fullName": "UT-SCRIPTS-05: collectEnvFiles 存在するファイルの順序を保持すること",
          "status": "passed",
          "title": "存在するファイルの順序を保持すること",
          "duration": 0.18916699999999764,
          "failureMessages": [],
          "meta": {}
        }
      ],
      "startTime": 1760964960490,
      "endTime": 1760964960493.1892,
      "status": "passed",
      "message": "",
      "name": "/home/sware/Projects/github.com/kotsutsumi/vercel-test/scripts/tests/unit/env-tools/collect-env-files.test.ts"
    },
    {
      "assertionResults": [
        {
          "ancestorTitles": ["UT-SCRIPTS-10: decryptProjectEnv"],
          "fullName": "UT-SCRIPTS-10: decryptProjectEnv プロジェクトディレクトリが見つからない場合はスキップすること",
          "status": "passed",
          "title": "プロジェクトディレクトリが見つからない場合はスキップすること",
          "duration": 1.3004209999999716,
          "failureMessages": [],
          "meta": {}
        },
        {
          "ancestorTitles": ["UT-SCRIPTS-10: decryptProjectEnv"],
          "fullName": "UT-SCRIPTS-10: decryptProjectEnv アーカイブが存在しない場合はスキップすること",
          "status": "passed",
          "title": "アーカイブが存在しない場合はスキップすること",
          "duration": 0.1968710000000442,
          "failureMessages": [],
          "meta": {}
        },
        {
          "ancestorTitles": ["UT-SCRIPTS-10: decryptProjectEnv"],
          "fullName": "UT-SCRIPTS-10: decryptProjectEnv アーカイブを解凍し復元されたファイルを報告すること",
          "status": "passed",
          "title": "アーカイブを解凍し復元されたファイルを報告すること",
          "duration": 1.0953339999999798,
          "failureMessages": [],
          "meta": {}
        }
      ],
      "startTime": 1760964960495,
      "endTime": 1760964960497.0952,
      "status": "passed",
      "message": "",
      "name": "/home/sware/Projects/github.com/kotsutsumi/vercel-test/scripts/tests/unit/env-tools/decrypt-project-env.test.ts"
    },
    {
      "assertionResults": [
        {
          "ancestorTitles": ["UT-SCRIPTS-09: directoryExists"],
          "fullName": "UT-SCRIPTS-09: directoryExists stat がディレクトリを返す場合は true を返すこと",
          "status": "passed",
          "title": "stat がディレクトリを返す場合は true を返すこと",
          "duration": 1.0294509999999946,
          "failureMessages": [],
          "meta": {}
        },
        {
          "ancestorTitles": ["UT-SCRIPTS-09: directoryExists"],
          "fullName": "UT-SCRIPTS-09: directoryExists stat がファイルを返す場合は false を返すこと",
          "status": "passed",
          "title": "stat がファイルを返す場合は false を返すこと",
          "duration": 0.11540800000000218,
          "failureMessages": [],
          "meta": {}
        },
        {
          "ancestorTitles": ["UT-SCRIPTS-09: directoryExists"],
          "fullName": "UT-SCRIPTS-09: directoryExists stat がエラーをスローした場合は false を返すこと",
          "status": "passed",
          "title": "stat がエラーをスローした場合は false を返すこと",
          "duration": 0.1225909999999999,
          "failureMessages": [],
          "meta": {}
        }
      ],
      "startTime": 1760964960714,
      "endTime": 1760964960715.1226,
      "status": "passed",
      "message": "",
      "name": "/home/sware/Projects/github.com/kotsutsumi/vercel-test/scripts/tests/unit/env-tools/directory-exists.test.ts"
    },
    {
      "assertionResults": [
        {
          "ancestorTitles": ["UT-SCRIPTS-11: encryptProjectEnv"],
          "fullName": "UT-SCRIPTS-11: encryptProjectEnv プロジェクトディレクトリが見つからない場合はスキップすること",
          "status": "passed",
          "title": "プロジェクトディレクトリが見つからない場合はスキップすること",
          "duration": 1.3200879999999984,
          "failureMessages": [],
          "meta": {}
        },
        {
          "ancestorTitles": ["UT-SCRIPTS-11: encryptProjectEnv"],
          "fullName": "UT-SCRIPTS-11: encryptProjectEnv 環境変数ファイルが見つからない場合はスキップすること",
          "status": "passed",
          "title": "環境変数ファイルが見つからない場合はスキップすること",
          "duration": 0.11894399999999905,
          "failureMessages": [],
          "meta": {}
        },
        {
          "ancestorTitles": ["UT-SCRIPTS-11: encryptProjectEnv"],
          "fullName": "UT-SCRIPTS-11: encryptProjectEnv 既存のアーカイブを削除してファイルを圧縮すること",
          "status": "passed",
          "title": "既存のアーカイブを削除してファイルを圧縮すること",
          "duration": 1.0949039999999854,
          "failureMessages": [],
          "meta": {}
        }
      ],
      "startTime": 1760964960713,
      "endTime": 1760964960715.095,
      "status": "passed",
      "message": "",
      "name": "/home/sware/Projects/github.com/kotsutsumi/vercel-test/scripts/tests/unit/env-tools/encrypt-project-env.test.ts"
    },
    {
      "assertionResults": [
        {
          "ancestorTitles": ["UT-SCRIPTS-21: env-tools entry"],
          "fullName": "UT-SCRIPTS-21: env-tools entry 指定されたコマンドで runEnvTool を呼び出すこと",
          "status": "passed",
          "title": "指定されたコマンドで runEnvTool を呼び出すこと",
          "duration": 2.4208019999999806,
          "failureMessages": [],
          "meta": {}
        },
        {
          "ancestorTitles": ["UT-SCRIPTS-21: env-tools entry"],
          "fullName": "UT-SCRIPTS-21: env-tools entry 使い方エラーの場合は exit(1) すること",
          "status": "passed",
          "title": "使い方エラーの場合は exit(1) すること",
          "duration": 0.4079890000000148,
          "failureMessages": [],
          "meta": {}
        },
        {
          "ancestorTitles": ["UT-SCRIPTS-21: env-tools entry"],
          "fullName": "UT-SCRIPTS-21: env-tools entry ツール固有のエラーをログ出力して終了すること",
          "status": "passed",
          "title": "ツール固有のエラーをログ出力して終了すること",
          "duration": 0.2606710000000021,
          "failureMessages": [],
          "meta": {}
        },
        {
          "ancestorTitles": ["UT-SCRIPTS-21: env-tools entry"],
          "fullName": "UT-SCRIPTS-21: env-tools entry 一般的な Error インスタンスを処理すること",
          "status": "passed",
          "title": "一般的な Error インスタンスを処理すること",
          "duration": 0.21645799999998871,
          "failureMessages": [],
          "meta": {}
        },
        {
          "ancestorTitles": ["UT-SCRIPTS-21: env-tools entry"],
          "fullName": "UT-SCRIPTS-21: env-tools entry Error インスタンスでない値を処理すること",
          "status": "passed",
          "title": "Error インスタンスでない値を処理すること",
          "duration": 0.15083400000000324,
          "failureMessages": [],
          "meta": {}
        }
      ],
      "startTime": 1760964960701,
      "endTime": 1760964960705.151,
      "status": "passed",
      "message": "",
      "name": "/home/sware/Projects/github.com/kotsutsumi/vercel-test/scripts/tests/unit/env-tools/env-tools.test.ts"
    },
    {
      "assertionResults": [
        {
          "ancestorTitles": ["UT-SCRIPTS-22: env-types"],
          "fullName": "UT-SCRIPTS-22: env-types ランタイムマーカーが定義されていること",
          "status": "passed",
          "title": "ランタイムマーカーが定義されていること",
          "duration": 0.8786859999999876,
          "failureMessages": [],
          "meta": {}
        }
      ],
      "startTime": 1760964960727,
      "endTime": 1760964960727.8787,
      "status": "passed",
      "message": "",
      "name": "/home/sware/Projects/github.com/kotsutsumi/vercel-test/scripts/tests/unit/env-tools/env-types.test.ts"
    },
    {
      "assertionResults": [
        {
          "ancestorTitles": [
            "UT-SCRIPTS-03: Error Utilities",
            "createEnvToolError"
          ],
          "fullName": "UT-SCRIPTS-03: Error Utilities createEnvToolError EnvToolError という名前のエラーを作成すること",
          "status": "passed",
          "title": "EnvToolError という名前のエラーを作成すること",
          "duration": 0.8341819999999984,
          "failureMessages": [],
          "meta": {}
        },
        {
          "ancestorTitles": [
            "UT-SCRIPTS-03: Error Utilities",
            "isEnvToolError"
          ],
          "fullName": "UT-SCRIPTS-03: Error Utilities isEnvToolError EnvToolError インスタンスに対して true を返すこと",
          "status": "passed",
          "title": "EnvToolError インスタンスに対して true を返すこと",
          "duration": 0.09731400000001145,
          "failureMessages": [],
          "meta": {}
        },
        {
          "ancestorTitles": [
            "UT-SCRIPTS-03: Error Utilities",
            "isEnvToolError"
          ],
          "fullName": "UT-SCRIPTS-03: Error Utilities isEnvToolError 通常の Error インスタンスに対して false を返すこと",
          "status": "passed",
          "title": "通常の Error インスタンスに対して false を返すこと",
          "duration": 0.04945299999999975,
          "failureMessages": [],
          "meta": {}
        },
        {
          "ancestorTitles": [
            "UT-SCRIPTS-03: Error Utilities",
            "isEnvToolError"
          ],
          "fullName": "UT-SCRIPTS-03: Error Utilities isEnvToolError Error 以外の値に対して false を返すこと",
          "status": "passed",
          "title": "Error 以外の値に対して false を返すこと",
          "duration": 0.07760600000000295,
          "failureMessages": [],
          "meta": {}
        },
        {
          "ancestorTitles": [
            "UT-SCRIPTS-03: Error Utilities",
            "createUsageError"
          ],
          "fullName": "UT-SCRIPTS-03: Error Utilities createUsageError UsageError という名前のエラーを作成すること",
          "status": "passed",
          "title": "UsageError という名前のエラーを作成すること",
          "duration": 0.11152000000001294,
          "failureMessages": [],
          "meta": {}
        },
        {
          "ancestorTitles": ["UT-SCRIPTS-03: Error Utilities", "isUsageError"],
          "fullName": "UT-SCRIPTS-03: Error Utilities isUsageError UsageError インスタンスに対して true を返すこと",
          "status": "passed",
          "title": "UsageError インスタンスに対して true を返すこと",
          "duration": 0.08532000000002427,
          "failureMessages": [],
          "meta": {}
        },
        {
          "ancestorTitles": ["UT-SCRIPTS-03: Error Utilities", "isUsageError"],
          "fullName": "UT-SCRIPTS-03: Error Utilities isUsageError 通常の Error インスタンスに対して false を返すこと",
          "status": "passed",
          "title": "通常の Error インスタンスに対して false を返すこと",
          "duration": 0.06787700000000996,
          "failureMessages": [],
          "meta": {}
        },
        {
          "ancestorTitles": ["UT-SCRIPTS-03: Error Utilities", "isUsageError"],
          "fullName": "UT-SCRIPTS-03: Error Utilities isUsageError Error 以外の値に対して false を返すこと",
          "status": "passed",
          "title": "Error 以外の値に対して false を返すこと",
          "duration": 0.0881559999999979,
          "failureMessages": [],
          "meta": {}
        },
        {
          "ancestorTitles": [
            "UT-SCRIPTS-03: Error Utilities",
            "Error type guards differentiation"
          ],
[...]
            "end": { "line": 83, "column": 7 }
          },
          "locations": [
            {
              "start": { "line": 77, "column": 30 },
              "end": { "line": 83, "column": 7 }
            }
          ]
        },
        "18": {
          "type": "branch",
          "line": 83,
          "loc": {
            "start": { "line": 83, "column": 6 },
            "end": { "line": 85, "column": 36 }
          },
          "locations": [
            {
              "start": { "line": 83, "column": 6 },
              "end": { "line": 85, "column": 36 }
            }
          ]
        },
        "19": {
          "type": "branch",
          "line": 85,
          "loc": {
            "start": { "line": 85, "column": 36 },
            "end": { "line": 90, "column": 7 }
          },
          "locations": [
            {
              "start": { "line": 85, "column": 36 },
              "end": { "line": 90, "column": 7 }
            }
          ]
        },
        "20": {
          "type": "branch",
          "line": 90,
          "loc": {
            "start": { "line": 90, "column": 6 },
            "end": { "line": 92, "column": 30 }
          },
          "locations": [
            {
              "start": { "line": 90, "column": 6 },
              "end": { "line": 92, "column": 30 }
            }
          ]
        },
        "21": {
          "type": "branch",
          "line": 92,
          "loc": {
            "start": { "line": 92, "column": 30 },
            "end": { "line": 95, "column": 7 }
          },
          "locations": [
            {
              "start": { "line": 92, "column": 30 },
              "end": { "line": 95, "column": 7 }
            }
          ]
        },
        "22": {
          "type": "branch",
          "line": 95,
          "loc": {
            "start": { "line": 95, "column": 6 },
            "end": { "line": 97, "column": 30 }
          },
          "locations": [
            {
              "start": { "line": 95, "column": 6 },
              "end": { "line": 97, "column": 30 }
            }
          ]
        },
        "23": {
          "type": "branch",
          "line": 97,
          "loc": {
            "start": { "line": 97, "column": 30 },
            "end": { "line": 99, "column": 7 }
          },
          "locations": [
            {
              "start": { "line": 97, "column": 30 },
              "end": { "line": 99, "column": 7 }
            }
          ]
        },
        "24": {
          "type": "branch",
          "line": 99,
          "loc": {
            "start": { "line": 99, "column": 6 },
            "end": { "line": 101, "column": 27 }
          },
          "locations": [
            {
              "start": { "line": 99, "column": 6 },
              "end": { "line": 101, "column": 27 }
            }
          ]
        }
      },
      "b": {
        "0": [8],
        "1": [7],
        "2": [1],
        "3": [7],
        "4": [7],
        "5": [28],
        "6": [90],
        "7": [75],
        "8": [68],
        "9": [53],
        "10": [62],
        "11": [56],
        "12": [9],
        "13": [1],
        "14": [8],
        "15": [48],
        "16": [90],
        "17": [28],
        "18": [62],
        "19": [0],
        "20": [62],
        "21": [9],
        "22": [53],
        "23": [5],
        "24": [48]
      },
      "fnMap": {
        "0": {
          "name": "promptPassword",
          "decl": {
            "start": { "line": 14, "column": 0 },
            "end": { "line": 106, "column": 1 }
          },
          "loc": {
            "start": { "line": 14, "column": 0 },
            "end": { "line": 106, "column": 1 }
          },
          "line": 14
        },
        "1": {
          "name": "cleanup",
          "decl": {
            "start": { "line": 41, "column": 20 },
            "end": { "line": 45, "column": 6 }
          },
          "loc": {
            "start": { "line": 41, "column": 20 },
            "end": { "line": 45, "column": 6 }
          },
          "line": 41
        },
        "2": {
          "name": "shouldSubmit",
          "decl": {
            "start": { "line": 47, "column": 4 },
            "end": { "line": 49, "column": 5 }
          },
          "loc": {
            "start": { "line": 47, "column": 4 },
            "end": { "line": 49, "column": 5 }
          },
          "line": 47
        },
        "3": {
          "name": "shouldIgnore",
          "decl": {
            "start": { "line": 51, "column": 4 },
            "end": { "line": 53, "column": 5 }
          },
          "loc": {
            "start": { "line": 51, "column": 4 },
            "end": { "line": 53, "column": 5 }
          },
          "line": 51
        },
        "4": {
          "name": "shouldDelete",
          "decl": {
            "start": { "line": 55, "column": 4 },
            "end": { "line": 57, "column": 5 }
          },
          "loc": {
            "start": { "line": 55, "column": 4 },
            "end": { "line": 57, "column": 5 }
          },
          "line": 55
        },
        "5": {
          "name": "processDeletion",
          "decl": {
            "start": { "line": 59, "column": 4 },
            "end": { "line": 66, "column": 5 }
          },
          "loc": {
            "start": { "line": 59, "column": 4 },
            "end": { "line": 66, "column": 5 }
          },
          "line": 59
        },
        "6": {
          "name": "processAppend",
          "decl": {
            "start": { "line": 68, "column": 4 },
            "end": { "line": 72, "column": 5 }
          },
          "loc": {
            "start": { "line": 68, "column": 4 },
            "end": { "line": 72, "column": 5 }
          },
          "line": 68
        },
        "7": {
          "name": "onData",
          "decl": {
            "start": { "line": 74, "column": 4 },
            "end": { "line": 102, "column": 5 }
          },
          "loc": {
            "start": { "line": 74, "column": 4 },
            "end": { "line": 102, "column": 5 }
          },
          "line": 74
        }
      },
      "f": {
        "0": 8,
        "1": 28,
        "2": 90,
        "3": 53,
        "4": 62,
        "5": 9,
        "6": 48,
        "7": 90
      }
    },
    "/home/sware/Projects/github.com/kotsutsumi/vercel-test/scripts/libs/env-tools/run-command.ts": {
      "path": "/home/sware/Projects/github.com/kotsutsumi/vercel-test/scripts/libs/env-tools/run-command.ts",
      "all": false,
      "statementMap": {
        "0": {
          "start": { "line": 1, "column": 0 },
          "end": { "line": 1, "column": 43 }
        },
        "4": {
          "start": { "line": 5, "column": 0 },
          "end": { "line": 5, "column": 47 }
        },
        "15": {
          "start": { "line": 16, "column": 0 },
          "end": { "line": 16, "column": 33 }
        },
        "16": {
          "start": { "line": 17, "column": 0 },
          "end": { "line": 17, "column": 18 }
        },
        "17": {
          "start": { "line": 18, "column": 0 },
          "end": { "line": 18, "column": 26 }
        },
        "18": {
          "start": { "line": 19, "column": 0 },
          "end": { "line": 19, "column": 33 }
        },
        "19": {
          "start": { "line": 20, "column": 0 },
          "end": { "line": 20, "column": 18 }
        },
        "20": {
          "start": { "line": 21, "column": 0 },
          "end": { "line": 21, "column": 48 }
        },
        "22": {
          "start": { "line": 23, "column": 0 },
          "end": { "line": 23, "column": 39 }
        },
        "23": {
          "start": { "line": 24, "column": 0 },
          "end": { "line": 24, "column": 23 }
        },
        "24": {
          "start": { "line": 25, "column": 0 },
          "end": { "line": 25, "column": 23 }
        },
        "25": {
          "start": { "line": 26, "column": 0 },
          "end": { "line": 26, "column": 23 }
        },
        "26": {
          "start": { "line": 27, "column": 0 },
          "end": { "line": 27, "column": 7 }
        },
        "29": {
          "start": { "line": 30, "column": 0 },
          "end": { "line": 30, "column": 35 }
        },
        "30": {
          "start": { "line": 31, "column": 0 },
          "end": { "line": 31, "column": 13 }
        },
        "31": {
          "start": { "line": 32, "column": 0 },
          "end": { "line": 32, "column": 96 }
        },
        "32": {
          "start": { "line": 33, "column": 0 },
          "end": { "line": 33, "column": 8 }
        },
        "33": {
          "start": { "line": 34, "column": 0 },
          "end": { "line": 34, "column": 7 }
        },
        "37": {
          "start": { "line": 38, "column": 0 },
          "end": { "line": 38, "column": 34 }
        },
        "38": {
          "start": { "line": 39, "column": 0 },
          "end": { "line": 39, "column": 23 }
        },
        "39": {
          "start": { "line": 40, "column": 0 },
          "end": { "line": 40, "column": 18 }
        },
        "40": {
          "start": { "line": 41, "column": 0 },
          "end": { "line": 41, "column": 15 }
        },
        "41": {
          "start": { "line": 42, "column": 0 },
          "end": { "line": 42, "column": 7 }
        },
        "43": {
          "start": { "line": 44, "column": 0 },
          "end": { "line": 44, "column": 87 }
        },
        "44": {
          "start": { "line": 45, "column": 0 },
          "end": { "line": 45, "column": 7 }
        },
        "45": {
          "start": { "line": 46, "column": 0 },
          "end": { "line": 46, "column": 5 }
        },
        "46": {
          "start": { "line": 47, "column": 0 },
          "end": { "line": 47, "column": 1 }
        }
      },
      "s": {
        "0": 1,
        "4": 1,
        "15": 5,
        "16": 5,
        "17": 5,
        "18": 5,
        "19": 5,
        "20": 5,
        "22": 5,
        "23": 5,
        "24": 5,
        "25": 5,
        "26": 5,
        "29": 5,
        "30": 2,
        "31": 2,
        "32": 2,
        "33": 5,
        "37": 5,
        "38": 3,
        "39": 1,
        "40": 1,
        "41": 1,
        "43": 3,
        "44": 5,
        "45": 5,
        "46": 1
      },
      "branchMap": {
        "0": {
          "type": "branch",
          "line": 16,
          "loc": {
            "start": { "line": 16, "column": 0 },
            "end": { "line": 47, "column": 1 }
          },
          "locations": [
            {
              "start": { "line": 16, "column": 0 },
              "end": { "line": 47, "column": 1 }
            }
          ]
        },
        "1": {
          "type": "branch",
          "line": 46,
          "loc": {
            "start": { "line": 46, "column": 3 },
            "end": { "line": 47, "column": 1 }
          },
          "locations": [
            {
              "start": { "line": 46, "column": 3 },
              "end": { "line": 47, "column": 1 }
            }
          ]
        },
        "2": {
          "type": "branch",
          "line": 21,
          "loc": {
            "start": { "line": 21, "column": 26 },
            "end": { "line": 46, "column": 3 }
          },
          "locations": [
            {
              "start": { "line": 21, "column": 26 },
              "end": { "line": 46, "column": 3 }
            }
          ]
        },
        "3": {
          "type": "branch",
          "line": 30,
          "loc": {
            "start": { "line": 30, "column": 23 },
            "end": { "line": 34, "column": 5 }
          },
          "locations": [
            {
              "start": { "line": 30, "column": 23 },
              "end": { "line": 34, "column": 5 }
            }
          ]
        },
        "4": {
          "type": "branch",
          "line": 32,
          "loc": {
            "start": { "line": 32, "column": 64 },
            "end": { "line": 32, "column": 88 }
          },
          "locations": [
            {
              "start": { "line": 32, "column": 64 },
              "end": { "line": 32, "column": 88 }
            }
          ]
        },
        "5": {
          "type": "branch",
          "line": 32,
          "loc": {
            "start": { "line": 32, "column": 78 },
            "end": { "line": 32, "column": 93 }
          },
          "locations": [
            {
              "start": { "line": 32, "column": 78 },
              "end": { "line": 32, "column": 93 }
            }
          ]
        },
        "6": {
          "type": "branch",
          "line": 38,
          "loc": {
            "start": { "line": 38, "column": 23 },
            "end": { "line": 45, "column": 5 }
          },
          "locations": [
            {
              "start": { "line": 38, "column": 23 },
              "end": { "line": 45, "column": 5 }
            }
          ]
        },
        "7": {
          "type": "branch",
          "line": 39,
          "loc": {
            "start": { "line": 39, "column": 22 },
            "end": { "line": 42, "column": 7 }
          },
          "locations": [
            {
              "start": { "line": 39, "column": 22 },
              "end": { "line": 42, "column": 7 }
            }
          ]
        },
        "8": {
          "type": "branch",
          "line": 42,
          "loc": {
            "start": { "line": 42, "column": 6 },
            "end": { "line": 44, "column": 80 }
          },
          "locations": [
            {
              "start": { "line": 42, "column": 6 },
              "end": { "line": 44, "column": 80 }
            }
          ]
        },
        "9": {
          "type": "branch",
          "line": 44,
          "loc": {
            "start": { "line": 44, "column": 72 },
            "end": { "line": 44, "column": 82 }
          },
          "locations": [
            {
              "start": { "line": 44, "column": 72 },
              "end": { "line": 44, "column": 82 }
            }
          ]
        }
      },
      "b": {
        "0": [5],
        "1": [1],
        "2": [5],
        "3": [2],
        "4": [1],
        "5": [1],
        "6": [3],
        "7": [1],
        "8": [2],
        "9": [1]
      },
      "fnMap": {
        "0": {
          "name": "runCommand",
          "decl": {
            "start": { "line": 16, "column": 0 },
            "end": { "line": 47, "column": 1 }
          },
          "loc": {
            "start": { "line": 16, "column": 0 },
            "end": { "line": 47, "column": 1 }
          },
          "line": 16
        }
      },
      "f": { "0": 5 }
    },
    "/home/sware/Projects/github.com/kotsutsumi/vercel-test/scripts/libs/env-tools/run-env-tool.ts": {
      "path": "/home/sware/Projects/github.com/kotsutsumi/vercel-test/scripts/libs/env-tools/run-env-tool.ts",
      "all": false,
      "statementMap": {
        "0": {
          "start": { "line": 1, "column": 0 },
          "end": { "line": 1, "column": 59 }
        },
        "1": {
          "start": { "line": 2, "column": 0 },
          "end": { "line": 2, "column": 52 }
        },
        "2": {
          "start": { "line": 3, "column": 0 },
          "end": { "line": 3, "column": 52 }
        },
        "3": {
          "start": { "line": 4, "column": 0 },
          "end": { "line": 4, "column": 46 }
        },
        "7": {
          "start": { "line": 8, "column": 0 },
          "end": { "line": 8, "column": 78 }
        },
        "8": {
          "start": { "line": 9, "column": 0 },
          "end": { "line": 9, "column": 20 }
        },
        "9": {
          "start": { "line": 10, "column": 0 },
          "end": { "line": 10, "column": 19 }
        },
        "11": {
          "start": { "line": 12, "column": 0 },
          "end": { "line": 12, "column": 28 }
        },
        "12": {
          "start": { "line": 13, "column": 0 },
          "end": { "line": 13, "column": 13 }
        },
        "13": {
          "start": { "line": 14, "column": 0 },
          "end": { "line": 14, "column": 19 }
        },
        "15": {
          "start": { "line": 16, "column": 0 },
          "end": { "line": 16, "column": 28 }
        },
        "16": {
          "start": { "line": 17, "column": 0 },
          "end": { "line": 17, "column": 13 }
        },
        "17": {
          "start": { "line": 18, "column": 0 },
          "end": { "line": 18, "column": 12 }
        },
        "20": {
          "start": { "line": 21, "column": 0 },
          "end": { "line": 21, "column": 19 }
        },
        "21": {
          "start": { "line": 22, "column": 0 },
          "end": { "line": 22, "column": 48 }
        },
        "22": {
          "start": { "line": 23, "column": 0 },
          "end": { "line": 23, "column": 3 }
        },
        "23": {
          "start": { "line": 24, "column": 0 },
          "end": { "line": 24, "column": 1 }
        }
      },
      "s": {
        "0": 1,
        "1": 1,
        "2": 1,
        "3": 1,
        "7": 7,
        "8": 7,
        "9": 7,
        "11": 2,
        "12": 1,
        "13": 7,
        "15": 2,
        "16": 1,
        "17": 7,
        "20": 3,
        "21": 3,
        "22": 7,
        "23": 7
      },
      "branchMap": {
        "0": {
          "type": "branch",
          "line": 8,
          "loc": {
            "start": { "line": 8, "column": 0 },
            "end": { "line": 24, "column": 1 }
          },
          "locations": [
            {
              "start": { "line": 8, "column": 0 },
              "end": { "line": 24, "column": 1 }
            }
          ]
        },
        "1": {
          "type": "branch",
          "line": 10,
          "loc": {
            "start": { "line": 10, "column": 4 },
            "end": { "line": 13, "column": 13 }
          },
          "locations": [
            {
              "start": { "line": 10, "column": 4 },
              "end": { "line": 13, "column": 13 }
            }
          ]
        },
        "2": {
          "type": "branch",
          "line": 12,
          "loc": {
            "start": { "line": 12, "column": 26 },
            "end": { "line": 13, "column": 13 }
          },
          "locations": [
            {
              "start": { "line": 12, "column": 26 },
              "end": { "line": 13, "column": 13 }
            }
          ]
        },
        "3": {
          "type": "branch",
          "line": 14,
          "loc": {
            "start": { "line": 14, "column": 4 },
            "end": { "line": 17, "column": 13 }
          },
          "locations": [
            {
              "start": { "line": 14, "column": 4 },
              "end": { "line": 17, "column": 13 }
            }
          ]
        },
        "4": {
          "type": "branch",
          "line": 16,
          "loc": {
            "start": { "line": 16, "column": 26 },
            "end": { "line": 17, "column": 13 }
          },
          "locations": [
            {
              "start": { "line": 16, "column": 26 },
              "end": { "line": 17, "column": 13 }
            }
          ]
        },
        "5": {
          "type": "branch",
          "line": 18,
          "loc": {
            "start": { "line": 18, "column": 4 },
            "end": { "line": 22, "column": 48 }
          },
          "locations": [
            {
              "start": { "line": 18, "column": 4 },
              "end": { "line": 22, "column": 48 }
            }
          ]
        }
      },
      "b": { "0": [7], "1": [2], "2": [1], "3": [2], "4": [1], "5": [3] },
      "fnMap": {
        "0": {
          "name": "runEnvTool",
          "decl": {
            "start": { "line": 8, "column": 0 },
            "end": { "line": 24, "column": 1 }
          },
          "loc": {
            "start": { "line": 8, "column": 0 },
            "end": { "line": 24, "column": 1 }
          },
          "line": 8
        }
      },
      "f": { "0": 7 }
    }
  }
}
